<?xml version="1.0" encoding="UTF-8"?>
<testsuite name="ru.matmatch.dataloader.UserParserTest" tests="1" skipped="0" failures="0" errors="0" timestamp="2017-08-30T12:20:50" hostname="4DEDEROKHIN" time="0.014">
  <properties/>
  <testcase name="testCnt" classname="ru.matmatch.dataloader.UserParserTest" time="0.014"/>
  <system-out><![CDATA[]]></system-out>
  <system-err><![CDATA[]]></system-err>
</testsuite>
